#
# A fatal error has been detected by the Java Runtime Environment:
#
#  EXCEPTION_ACCESS_VIOLATION (0xc0000005) at pc=0x69c96847, pid=6232, tid=7556
#
# JRE version: 7.0_01-b08
# Java VM: Java HotSpot(TM) Client VM (21.1-b02 mixed mode, sharing windows-x86 )
# Problematic frame:
# C  [atioglxx.dll+0xc66847]
#
# Failed to write core dump. Minidumps are not enabled by default on client versions of Windows
#
# If you would like to submit a bug report, please visit:
#   http://bugreport.sun.com/bugreport/crash.jsp
# The crash happened outside the Java Virtual Machine in native code.
# See problematic frame for where to report the bug.
#

---------------  T H R E A D  ---------------

Current thread (0x0047a400):  JavaThread "main" [_thread_in_native, id=7556, stack(0x00760000,0x007b0000)]

siginfo: ExceptionCode=0xc0000005, reading address 0xf1213974

Registers:
EAX=0x6f635f63, EBX=0x696d6f74, ECX=0x3c484e5c, EDX=0x03d85146
ESP=0x007af2dc, EBP=0xeb000005, ESI=0x00000000, EDI=0xf1213970
EIP=0x69c96847, EFLAGS=0x00010287

Top of Stack: (sp=0x007af2dc)
0x007af2dc:   05b50bc0 05db8e98 007af314 00000006
0x007af2ec:   6f635f63 69c83395 03d85138 05462bf0
0x007af2fc:   03dbaba8 05db8e98 05462bf0 05db8e98
0x007af30c:   05db8e98 00000005 05abd228 69c6abba
0x007af31c:   03d85138 007af34c 0047a400 337ce870
0x007af32c:   6954f654 00000006 03d85138 007af34c
0x007af33c:   007af3a0 337ce870 6988f0d7 05abd228
0x007af34c:   ffffffff 1000822e 00000006 03d85138 

Instructions: (pc=0x69c96847)
0x69c96827:   0b 8b 84 86 1c 01 00 00 89 44 24 10 8b d9 3b 4c
0x69c96837:   24 10 73 4a 8b b6 0c 01 00 00 8d 0c 49 8d 3c 8e
0x69c96847:   39 6f 04 75 2f 8b 4c 24 18 8b 07 8a 10 3a 11 75
0x69c96857:   1a 84 d2 74 12 8a 50 01 3a 51 01 75 0e 83 c0 02 


Register to memory mapping:

EAX=0x6f635f63 is an unknown value
EBX=0x696d6f74 is an unknown value
ECX=0x3c484e5c is an unknown value
EDX=0x03d85146 is an unknown value
ESP=0x007af2dc is pointing into the stack for thread: 0x0047a400
EBP=0xeb000005 is an unknown value
ESI=0x00000000 is an unknown value
EDI=0xf1213970 is an unknown value


Stack: [0x00760000,0x007b0000],  sp=0x007af2dc,  free space=316k
Native frames: (J=compiled Java code, j=interpreted, Vv=VM code, C=native code)
C  [atioglxx.dll+0xc66847]  atiPS+0x8a8497

Java frames: (J=compiled Java code, j=interpreted, Vv=VM code)
j  org.lwjgl.opengl.GL20.nglGetUniformLocation(IJJ)I+0
j  org.lwjgl.opengl.GL20.glGetUniformLocation(ILjava/lang/CharSequence;)I+20
j  Util.ShaderUtils.setUniformMatrix4(ILjava/lang/String;[F)V+2
j  model.ModelObj.draw(F[F[F)V+13
j  level.Level.draw()V+43
j  hms_gotland_client.HMS_Gotland.renderCycle()V+31
j  hms_gotland_client.HMS_Gotland.loopCycle()V+5
j  hms_gotland_client.HMS_Gotland.run()V+393
j  hms_gotland_client.HMS_Gotland.<init>()V+100
j  hms_gotland_client.HMS_Gotland.main([Ljava/lang/String;)V+3
v  ~StubRoutines::call_stub

---------------  P R O C E S S  ---------------

Java Threads: ( => current thread )
  0x03c80c00 JavaThread "AWT-Windows" daemon [_thread_in_native, id=7900, stack(0x00d70000,0x00dc0000)]
  0x03c7f400 JavaThread "AWT-Shutdown" [_thread_blocked, id=1980, stack(0x04590000,0x045e0000)]
  0x03d02000 JavaThread "Java2D Disposer" daemon [_thread_blocked, id=548, stack(0x05f50000,0x05fa0000)]
  0x00894800 JavaThread "Service Thread" daemon [_thread_blocked, id=6972, stack(0x00dc0000,0x00e10000)]
  0x0087a800 JavaThread "C1 CompilerThread0" daemon [_thread_blocked, id=4560, stack(0x00bb0000,0x00c00000)]
  0x00878400 JavaThread "Attach Listener" daemon [_thread_blocked, id=4160, stack(0x00d20000,0x00d70000)]
  0x00875000 JavaThread "Signal Dispatcher" daemon [_thread_blocked, id=6524, stack(0x00c40000,0x00c90000)]
  0x0086b400 JavaThread "Finalizer" daemon [_thread_blocked, id=5908, stack(0x00980000,0x009d0000)]
  0x00866400 JavaThread "Reference Handler" daemon [_thread_blocked, id=4004, stack(0x00a70000,0x00ac0000)]
=>0x0047a400 JavaThread "main" [_thread_in_native, id=7556, stack(0x00760000,0x007b0000)]

Other Threads:
  0x00864400 VMThread [stack: 0x00b40000,0x00b90000] [id=6976]
  0x03bc8400 WatcherThread [stack: 0x00ed0000,0x00f20000] [id=1740]

VM state:not at safepoint (normal execution)

VM Mutex/Monitor currently owned by a thread: None

Heap
 def new generation   total 4928K, used 1116K [0x23650000, 0x23ba0000, 0x28ba0000)
  eden space 4416K,  13% used [0x23650000, 0x236e71e0, 0x23aa0000)
  from space 512K, 100% used [0x23aa0000, 0x23b20000, 0x23b20000)
  to   space 512K,   0% used [0x23b20000, 0x23b20000, 0x23ba0000)
 tenured generation   total 10944K, used 4624K [0x28ba0000, 0x29650000, 0x33650000)
   the space 10944K,  42% used [0x28ba0000, 0x29024358, 0x29024400, 0x29650000)
 compacting perm gen  total 12288K, used 1976K [0x33650000, 0x34250000, 0x37650000)
   the space 12288K,  16% used [0x33650000, 0x3383e320, 0x3383e400, 0x34250000)
    ro space 10240K,  42% used [0x37650000, 0x37a8c7b0, 0x37a8c800, 0x38050000)
    rw space 12288K,  53% used [0x38050000, 0x386c8210, 0x386c8400, 0x38c50000)

Code Cache  [0x01bc0000, 0x01cd8000, 0x03bc0000)
 total_blobs=657 nmethods=387 adapters=203 free_code_cache=31664Kb largest_free_block=32424448

Dynamic libraries:
0x00f90000 - 0x00fbf000 	C:\Program Files\Java\jre7\bin\javaw.exe
0x77730000 - 0x7786c000 	C:\WINDOWS\SYSTEM32\ntdll.dll
0x75db0000 - 0x75e84000 	C:\WINDOWS\system32\kernel32.dll
0x75a50000 - 0x75a9a000 	C:\WINDOWS\system32\KERNELBASE.dll
0x75d10000 - 0x75db0000 	C:\WINDOWS\system32\ADVAPI32.dll
0x75c60000 - 0x75d0c000 	C:\WINDOWS\system32\msvcrt.dll
0x77880000 - 0x77899000 	C:\WINDOWS\SYSTEM32\sechost.dll
0x770a0000 - 0x77141000 	C:\WINDOWS\system32\RPCRT4.dll
0x75b80000 - 0x75c49000 	C:\WINDOWS\system32\USER32.dll
0x77910000 - 0x7795e000 	C:\WINDOWS\system32\GDI32.dll
0x75c50000 - 0x75c5a000 	C:\WINDOWS\system32\LPK.dll
0x77150000 - 0x771ed000 	C:\WINDOWS\system32\USP10.dll
0x74380000 - 0x7451e000 	C:\WINDOWS\WinSxS\x86_microsoft.windows.common-controls_6595b64144ccf1df_6.0.7601.17514_none_41e6975e2bd6f2b2\COMCTL32.dll
0x77350000 - 0x773a7000 	C:\WINDOWS\system32\SHLWAPI.dll
0x778c0000 - 0x778df000 	C:\WINDOWS\system32\IMM32.DLL
0x77660000 - 0x7772c000 	C:\WINDOWS\system32\MSCTF.dll
0x62760000 - 0x6281e000 	C:\Program Files\Java\jre7\bin\msvcr100.dll
0x661b0000 - 0x664d1000 	C:\Program Files\Java\jre7\bin\client\jvm.dll
0x72930000 - 0x72937000 	C:\WINDOWS\system32\WSOCK32.dll
0x75e90000 - 0x75ec5000 	C:\WINDOWS\system32\WS2_32.dll
0x77870000 - 0x77876000 	C:\WINDOWS\system32\NSI.dll
0x73ef0000 - 0x73f22000 	C:\WINDOWS\system32\WINMM.dll
0x778b0000 - 0x778b5000 	C:\WINDOWS\system32\PSAPI.DLL
0x74050000 - 0x7405c000 	C:\Program Files\Java\jre7\bin\verify.dll
0x73b50000 - 0x73b70000 	C:\Program Files\Java\jre7\bin\java.dll
0x73490000 - 0x734a3000 	C:\Program Files\Java\jre7\bin\zip.dll
0x10000000 - 0x1004c000 	\\jfk.local\shome\Home\GUPAL002\Desktop\eclipse\workspace\HMS_Gotland\HMS_Gotland\Resources\native\windows\lwjgl.dll
0x62510000 - 0x625d8000 	C:\WINDOWS\system32\OPENGL32.dll
0x68860000 - 0x68882000 	C:\WINDOWS\system32\GLU32.dll
0x60d20000 - 0x60e07000 	C:\WINDOWS\system32\DDRAW.dll
0x6a910000 - 0x6a916000 	C:\WINDOWS\system32\DCIMAN32.dll
0x76f00000 - 0x7709d000 	C:\WINDOWS\system32\SETUPAPI.dll
0x75aa0000 - 0x75ac7000 	C:\WINDOWS\system32\CFGMGR32.dll
0x760e0000 - 0x7616f000 	C:\WINDOWS\system32\OLEAUT32.dll
0x771f0000 - 0x7734c000 	C:\WINDOWS\system32\ole32.dll
0x75ad0000 - 0x75ae2000 	C:\WINDOWS\system32\DEVOBJ.dll
0x74100000 - 0x74113000 	C:\WINDOWS\system32\dwmapi.dll
0x74cf0000 - 0x74cf9000 	C:\WINDOWS\system32\VERSION.dll
0x746c0000 - 0x74700000 	C:\WINDOWS\system32\uxtheme.dll
0x6c980000 - 0x6c9d8000 	C:\Program Files\Common Files\microsoft shared\ink\tiptsf.dll
0x6a970000 - 0x6a977000 	C:\WINDOWS\system32\atiglpxx.dll
0x69030000 - 0x6a147000 	C:\WINDOWS\system32\atioglxx.dll
0x009d0000 - 0x00a0f000 	C:\WINDOWS\system32\atiadlxx.dll
0x76170000 - 0x76dba000 	C:\WINDOWS\system32\SHELL32.dll
0x74e90000 - 0x74ea7000 	C:\WINDOWS\system32\USERENV.dll
0x75880000 - 0x7588b000 	C:\WINDOWS\system32\profapi.dll
0x74db0000 - 0x74dbd000 	C:\WINDOWS\system32\WTSAPI32.dll
0x75a20000 - 0x75a4d000 	C:\WINDOWS\system32\WINTRUST.dll
0x75900000 - 0x75a1d000 	C:\WINDOWS\system32\CRYPT32.dll
0x758f0000 - 0x758fc000 	C:\WINDOWS\system32\MSASN1.dll
0x6a300000 - 0x6a30b000 	C:\WINDOWS\system32\atigktxx.dll
0x68ef0000 - 0x68f9b000 	C:\WINDOWS\system32\aticfx32.dll
0x75800000 - 0x7580c000 	C:\WINDOWS\system32\CRYPTBASE.dll
0x76050000 - 0x760d3000 	C:\WINDOWS\system32\CLBCatQ.DLL
0x73530000 - 0x7356c000 	C:\WINDOWS\system32\oleacc.dll
0x62820000 - 0x62899000 	C:\WINDOWS\system32\mscms.dll
0x675c0000 - 0x675f8000 	C:\WINDOWS\system32\icm32.dll
0x73ba0000 - 0x73bb0000 	C:\WINDOWS\system32\LSKHOOK.DLL
0x60bd0000 - 0x60d12000 	C:\Program Files\Java\jre7\bin\awt.dll
0x00c00000 - 0x00c2a000 	C:\Program Files\Java\jre7\bin\fontmanager.dll
0x08040000 - 0x08203000 	C:\WINDOWS\system32\d3d9.dll
0x73ca0000 - 0x73ca6000 	C:\WINDOWS\system32\d3d8thk.dll
0x6a370000 - 0x6a37a000 	C:\WINDOWS\system32\atiu9pag.dll
0x5eec0000 - 0x5f2c2000 	C:\WINDOWS\system32\atiumdag.dll
0x5f370000 - 0x5f6d7000 	C:\WINDOWS\system32\atiumdva.dll
0x73120000 - 0x73134000 	C:\Program Files\Java\jre7\bin\net.dll
0x752b0000 - 0x752ec000 	C:\WINDOWS\system32\mswsock.dll
0x752a0000 - 0x752a6000 	C:\WINDOWS\System32\wship6.dll
0x73cc0000 - 0x73ccf000 	C:\Program Files\Java\jre7\bin\nio.dll
0x655b0000 - 0x655e1000 	C:\Program Files\Java\jre7\bin\t2k.dll

VM Arguments:
jvm_args: -Dfile.encoding=Cp1252 
java_command: hms_gotland_client.HMS_Gotland
Launcher Type: SUN_STANDARD

Environment Variables:
PATH=C:/Program Files/Java/jre7/bin/client;C:/Program Files/Java/jre7/bin;C:/Program Files/Java/jre7/lib/i386;C:\Program Files\Common Files\Microsoft Shared\Windows Live;C:\Program Files\NVIDIA Corporation\PhysX\Common;C:\WINDOWS\system32;C:\WINDOWS;C:\WINDOWS\System32\Wbem;C:\WINDOWS\System32\WindowsPowerShell\v1.0\;C:\Program Files\Microsoft Application Virtualization Client;C:\Program Files\Windows Live\Shared;C:\VXIPNP\WinNT\Bin\;H:\eclipse;
USERNAME=GUPAL002
OS=Windows_NT
PROCESSOR_IDENTIFIER=x86 Family 6 Model 42 Stepping 7, GenuineIntel



---------------  S Y S T E M  ---------------

OS: Windows 7 Build 7601 Service Pack 1

CPU:total 4 (4 cores per cpu, 1 threads per core) family 6 model 42 stepping 7, cmov, cx8, fxsr, mmx, sse, sse2, sse3, ssse3, sse4.1, sse4.2, popcnt

Memory: 4k page, physical 3397696k(1912912k free), swap 6793640k(4586660k free)

vm_info: Java HotSpot(TM) Client VM (21.1-b02) for windows-x86 JRE (1.7.0_01-b08), built on Oct  3 2011 02:11:36 by "java_re" with unknown MS VC++:1600

time: Wed Jan 30 11:32:18 2013
elapsed time: 4 seconds

